<?xml version="1.0" encoding="UTF-8"?>
<testsuite xmlns:xsi="http://www.w3.org/2001/XMLSchema-instance" xsi:noNamespaceSchemaLocation="https://maven.apache.org/surefire/maven-surefire-plugin/xsd/surefire-test-report.xsd" name="io.restassured.examples.springmvc.controller.NonMultiPartFileUploadITest" time="0.057" tests="1" errors="0" skipped="0" failures="0">
  <properties>
    <property name="sun.desktop" value="windows"/>
    <property name="awt.toolkit" value="sun.awt.windows.WToolkit"/>
    <property name="file.encoding.pkg" value="sun.io"/>
    <property name="java.specification.version" value="1.8"/>
    <property name="sun.cpu.isalist" value="amd64"/>
    <property name="sun.jnu.encoding" value="Cp1252"/>
    <property name="java.class.path" value="C:\Users\470842\Downloads\rest-assured-master\rest-assured-master\examples\spring-mvc-webapp\target\test-classes;C:\Users\470842\Downloads\rest-assured-master\rest-assured-master\examples\spring-mvc-webapp\target\classes;C:\Users\470842\.m2\repository\io\rest-assured\spring-mock-mvc\3.3.1-SNAPSHOT\spring-mock-mvc-3.3.1-SNAPSHOT.jar;C:\Users\470842\.m2\repository\io\rest-assured\rest-assured\3.3.1-SNAPSHOT\rest-assured-3.3.1-SNAPSHOT.jar;C:\Users\470842\.m2\repository\org\codehaus\groovy\groovy\2.5.6\groovy-2.5.6.jar;C:\Users\470842\.m2\repository\org\codehaus\groovy\groovy-xml\2.5.6\groovy-xml-2.5.6.jar;C:\Users\470842\.m2\repository\org\apache\httpcomponents\httpclient\4.5.3\httpclient-4.5.3.jar;C:\Users\470842\.m2\repository\org\apache\httpcomponents\httpcore\4.4.6\httpcore-4.4.6.jar;C:\Users\470842\.m2\repository\commons-codec\commons-codec\1.9\commons-codec-1.9.jar;C:\Users\470842\.m2\repository\org\apache\httpcomponents\httpmime\4.5.3\httpmime-4.5.3.jar;C:\Users\470842\.m2\repository\org\hamcrest\hamcrest-library\2.1\hamcrest-library-2.1.jar;C:\Users\470842\.m2\repository\org\ccil\cowan\tagsoup\tagsoup\1.2.1\tagsoup-1.2.1.jar;C:\Users\470842\.m2\repository\io\rest-assured\json-path\3.3.1-SNAPSHOT\json-path-3.3.1-SNAPSHOT.jar;C:\Users\470842\.m2\repository\org\codehaus\groovy\groovy-json\2.5.6\groovy-json-2.5.6.jar;C:\Users\470842\.m2\repository\io\rest-assured\rest-assured-common\3.3.1-SNAPSHOT\rest-assured-common-3.3.1-SNAPSHOT.jar;C:\Users\470842\.m2\repository\io\rest-assured\xml-path\3.3.1-SNAPSHOT\xml-path-3.3.1-SNAPSHOT.jar;C:\Users\470842\.m2\repository\org\apache\commons\commons-lang3\3.4\commons-lang3-3.4.jar;C:\Users\470842\.m2\repository\javax\xml\bind\jaxb-api\2.2.12\jaxb-api-2.2.12.jar;C:\Users\470842\.m2\repository\com\sun\xml\bind\jaxb-osgi\2.2.10\jaxb-osgi-2.2.10.jar;C:\Users\470842\.m2\repository\org\apache\sling\org.apache.sling.javax.activation\0.1.0\org.apache.sling.javax.activation-0.1.0.jar;C:\Users\470842\.m2\repository\javax\activation\activation\1.1.1\activation-1.1.1.jar;C:\Users\470842\.m2\repository\io\rest-assured\spring-commons\3.3.1-SNAPSHOT\spring-commons-3.3.1-SNAPSHOT.jar;C:\Users\470842\.m2\repository\org\springframework\spring-test\4.3.19.RELEASE\spring-test-4.3.19.RELEASE.jar;C:\Users\470842\.m2\repository\junit\junit\4.12\junit-4.12.jar;C:\Users\470842\.m2\repository\org\hamcrest\hamcrest-core\2.1\hamcrest-core-2.1.jar;C:\Users\470842\.m2\repository\org\hamcrest\hamcrest\2.1\hamcrest-2.1.jar;C:\Users\470842\.m2\repository\org\eclipse\jetty\jetty-webapp\9.1.0.v20131115\jetty-webapp-9.1.0.v20131115.jar;C:\Users\470842\.m2\repository\org\eclipse\jetty\jetty-xml\9.1.0.v20131115\jetty-xml-9.1.0.v20131115.jar;C:\Users\470842\.m2\repository\org\eclipse\jetty\jetty-util\9.1.0.v20131115\jetty-util-9.1.0.v20131115.jar;C:\Users\470842\.m2\repository\org\eclipse\jetty\jetty-servlet\9.1.0.v20131115\jetty-servlet-9.1.0.v20131115.jar;C:\Users\470842\.m2\repository\org\eclipse\jetty\jetty-security\9.1.0.v20131115\jetty-security-9.1.0.v20131115.jar;C:\Users\470842\.m2\repository\org\eclipse\jetty\jetty-server\9.1.0.v20131115\jetty-server-9.1.0.v20131115.jar;C:\Users\470842\.m2\repository\org\eclipse\jetty\jetty-http\9.1.0.v20131115\jetty-http-9.1.0.v20131115.jar;C:\Users\470842\.m2\repository\org\eclipse\jetty\jetty-io\9.1.0.v20131115\jetty-io-9.1.0.v20131115.jar;C:\Users\470842\.m2\repository\org\springframework\security\spring-security-test\4.1.0.RELEASE\spring-security-test-4.1.0.RELEASE.jar;C:\Users\470842\.m2\repository\org\springframework\security\spring-security-core\4.1.0.RELEASE\spring-security-core-4.1.0.RELEASE.jar;C:\Users\470842\.m2\repository\org\eclipse\jetty\jetty-annotations\9.1.0.v20131115\jetty-annotations-9.1.0.v20131115.jar;C:\Users\470842\.m2\repository\org\eclipse\jetty\jetty-plus\9.1.0.v20131115\jetty-plus-9.1.0.v20131115.jar;C:\Users\470842\.m2\repository\org\eclipse\jetty\jetty-jndi\9.1.0.v20131115\jetty-jndi-9.1.0.v20131115.jar;C:\Users\470842\.m2\repository\javax\annotation\javax.annotation-api\1.2\javax.annotation-api-1.2.jar;C:\Users\470842\.m2\repository\org\ow2\asm\asm\4.1\asm-4.1.jar;C:\Users\470842\.m2\repository\org\ow2\asm\asm-commons\4.1\asm-commons-4.1.jar;C:\Users\470842\.m2\repository\org\ow2\asm\asm-tree\4.1\asm-tree-4.1.jar;C:\Users\470842\.m2\repository\javax\servlet\javax.servlet-api\3.1.0\javax.servlet-api-3.1.0.jar;C:\Users\470842\.m2\repository\org\springframework\spring-webmvc\4.3.19.RELEASE\spring-webmvc-4.3.19.RELEASE.jar;C:\Users\470842\.m2\repository\org\springframework\spring-beans\4.3.19.RELEASE\spring-beans-4.3.19.RELEASE.jar;C:\Users\470842\.m2\repository\org\springframework\spring-context\4.3.19.RELEASE\spring-context-4.3.19.RELEASE.jar;C:\Users\470842\.m2\repository\org\springframework\spring-core\4.3.19.RELEASE\spring-core-4.3.19.RELEASE.jar;C:\Users\470842\.m2\repository\commons-logging\commons-logging\1.2\commons-logging-1.2.jar;C:\Users\470842\.m2\repository\org\springframework\spring-expression\4.3.19.RELEASE\spring-expression-4.3.19.RELEASE.jar;C:\Users\470842\.m2\repository\org\springframework\spring-web\4.3.19.RELEASE\spring-web-4.3.19.RELEASE.jar;C:\Users\470842\.m2\repository\org\springframework\security\spring-security-web\4.1.0.RELEASE\spring-security-web-4.1.0.RELEASE.jar;C:\Users\470842\.m2\repository\aopalliance\aopalliance\1.0\aopalliance-1.0.jar;C:\Users\470842\.m2\repository\org\springframework\security\spring-security-config\4.1.0.RELEASE\spring-security-config-4.1.0.RELEASE.jar;C:\Users\470842\.m2\repository\org\springframework\spring-aop\4.3.19.RELEASE\spring-aop-4.3.19.RELEASE.jar;C:\Users\470842\.m2\repository\commons-fileupload\commons-fileupload\1.3.3\commons-fileupload-1.3.3.jar;C:\Users\470842\.m2\repository\commons-io\commons-io\2.4\commons-io-2.4.jar;C:\Users\470842\.m2\repository\com\fasterxml\jackson\core\jackson-databind\2.9.8\jackson-databind-2.9.8.jar;C:\Users\470842\.m2\repository\com\fasterxml\jackson\core\jackson-annotations\2.9.0\jackson-annotations-2.9.0.jar;C:\Users\470842\.m2\repository\com\fasterxml\jackson\core\jackson-core\2.9.8\jackson-core-2.9.8.jar;"/>
    <property name="java.vm.vendor" value="Oracle Corporation"/>
    <property name="sun.arch.data.model" value="64"/>
    <property name="user.variant" value=""/>
    <property name="java.vendor.url" value="http://java.oracle.com/"/>
    <property name="user.timezone" value="Asia/Calcutta"/>
    <property name="java.vm.specification.version" value="1.8"/>
    <property name="os.name" value="Windows 10"/>
    <property name="user.country" value="US"/>
    <property name="sun.java.launcher" value="SUN_STANDARD"/>
    <property name="sun.boot.library.path" value="C:\Program Files\Java\jdk1.8.0_74\jre\bin"/>
    <property name="sun.java.command" value="C:\Users\470842\AppData\Local\Temp\surefire5946771923675613069\surefirebooter2664008674020614320.jar C:\Users\470842\AppData\Local\Temp\surefire5946771923675613069 2019-04-12T15-03-17_736-jvmRun1 surefire7329542441900496735tmp surefire_04502278738258316659tmp"/>
    <property name="surefire.test.class.path" value="C:\Users\470842\Downloads\rest-assured-master\rest-assured-master\examples\spring-mvc-webapp\target\test-classes;C:\Users\470842\Downloads\rest-assured-master\rest-assured-master\examples\spring-mvc-webapp\target\classes;C:\Users\470842\.m2\repository\io\rest-assured\spring-mock-mvc\3.3.1-SNAPSHOT\spring-mock-mvc-3.3.1-SNAPSHOT.jar;C:\Users\470842\.m2\repository\io\rest-assured\rest-assured\3.3.1-SNAPSHOT\rest-assured-3.3.1-SNAPSHOT.jar;C:\Users\470842\.m2\repository\org\codehaus\groovy\groovy\2.5.6\groovy-2.5.6.jar;C:\Users\470842\.m2\repository\org\codehaus\groovy\groovy-xml\2.5.6\groovy-xml-2.5.6.jar;C:\Users\470842\.m2\repository\org\apache\httpcomponents\httpclient\4.5.3\httpclient-4.5.3.jar;C:\Users\470842\.m2\repository\org\apache\httpcomponents\httpcore\4.4.6\httpcore-4.4.6.jar;C:\Users\470842\.m2\repository\commons-codec\commons-codec\1.9\commons-codec-1.9.jar;C:\Users\470842\.m2\repository\org\apache\httpcomponents\httpmime\4.5.3\httpmime-4.5.3.jar;C:\Users\470842\.m2\repository\org\hamcrest\hamcrest-library\2.1\hamcrest-library-2.1.jar;C:\Users\470842\.m2\repository\org\ccil\cowan\tagsoup\tagsoup\1.2.1\tagsoup-1.2.1.jar;C:\Users\470842\.m2\repository\io\rest-assured\json-path\3.3.1-SNAPSHOT\json-path-3.3.1-SNAPSHOT.jar;C:\Users\470842\.m2\repository\org\codehaus\groovy\groovy-json\2.5.6\groovy-json-2.5.6.jar;C:\Users\470842\.m2\repository\io\rest-assured\rest-assured-common\3.3.1-SNAPSHOT\rest-assured-common-3.3.1-SNAPSHOT.jar;C:\Users\470842\.m2\repository\io\rest-assured\xml-path\3.3.1-SNAPSHOT\xml-path-3.3.1-SNAPSHOT.jar;C:\Users\470842\.m2\repository\org\apache\commons\commons-lang3\3.4\commons-lang3-3.4.jar;C:\Users\470842\.m2\repository\javax\xml\bind\jaxb-api\2.2.12\jaxb-api-2.2.12.jar;C:\Users\470842\.m2\repository\com\sun\xml\bind\jaxb-osgi\2.2.10\jaxb-osgi-2.2.10.jar;C:\Users\470842\.m2\repository\org\apache\sling\org.apache.sling.javax.activation\0.1.0\org.apache.sling.javax.activation-0.1.0.jar;C:\Users\470842\.m2\repository\javax\activation\activation\1.1.1\activation-1.1.1.jar;C:\Users\470842\.m2\repository\io\rest-assured\spring-commons\3.3.1-SNAPSHOT\spring-commons-3.3.1-SNAPSHOT.jar;C:\Users\470842\.m2\repository\org\springframework\spring-test\4.3.19.RELEASE\spring-test-4.3.19.RELEASE.jar;C:\Users\470842\.m2\repository\junit\junit\4.12\junit-4.12.jar;C:\Users\470842\.m2\repository\org\hamcrest\hamcrest-core\2.1\hamcrest-core-2.1.jar;C:\Users\470842\.m2\repository\org\hamcrest\hamcrest\2.1\hamcrest-2.1.jar;C:\Users\470842\.m2\repository\org\eclipse\jetty\jetty-webapp\9.1.0.v20131115\jetty-webapp-9.1.0.v20131115.jar;C:\Users\470842\.m2\repository\org\eclipse\jetty\jetty-xml\9.1.0.v20131115\jetty-xml-9.1.0.v20131115.jar;C:\Users\470842\.m2\repository\org\eclipse\jetty\jetty-util\9.1.0.v20131115\jetty-util-9.1.0.v20131115.jar;C:\Users\470842\.m2\repository\org\eclipse\jetty\jetty-servlet\9.1.0.v20131115\jetty-servlet-9.1.0.v20131115.jar;C:\Users\470842\.m2\repository\org\eclipse\jetty\jetty-security\9.1.0.v20131115\jetty-security-9.1.0.v20131115.jar;C:\Users\470842\.m2\repository\org\eclipse\jetty\jetty-server\9.1.0.v20131115\jetty-server-9.1.0.v20131115.jar;C:\Users\470842\.m2\repository\org\eclipse\jetty\jetty-http\9.1.0.v20131115\jetty-http-9.1.0.v20131115.jar;C:\Users\470842\.m2\repository\org\eclipse\jetty\jetty-io\9.1.0.v20131115\jetty-io-9.1.0.v20131115.jar;C:\Users\470842\.m2\repository\org\springframework\security\spring-security-test\4.1.0.RELEASE\spring-security-test-4.1.0.RELEASE.jar;C:\Users\470842\.m2\repository\org\springframework\security\spring-security-core\4.1.0.RELEASE\spring-security-core-4.1.0.RELEASE.jar;C:\Users\470842\.m2\repository\org\eclipse\jetty\jetty-annotations\9.1.0.v20131115\jetty-annotations-9.1.0.v20131115.jar;C:\Users\470842\.m2\repository\org\eclipse\jetty\jetty-plus\9.1.0.v20131115\jetty-plus-9.1.0.v20131115.jar;C:\Users\470842\.m2\repository\org\eclipse\jetty\jetty-jndi\9.1.0.v20131115\jetty-jndi-9.1.0.v20131115.jar;C:\Users\470842\.m2\repository\javax\annotation\javax.annotation-api\1.2\javax.annotation-api-1.2.jar;C:\Users\470842\.m2\repository\org\ow2\asm\asm\4.1\asm-4.1.jar;C:\Users\470842\.m2\repository\org\ow2\asm\asm-commons\4.1\asm-commons-4.1.jar;C:\Users\470842\.m2\repository\org\ow2\asm\asm-tree\4.1\asm-tree-4.1.jar;C:\Users\470842\.m2\repository\javax\servlet\javax.servlet-api\3.1.0\javax.servlet-api-3.1.0.jar;C:\Users\470842\.m2\repository\org\springframework\spring-webmvc\4.3.19.RELEASE\spring-webmvc-4.3.19.RELEASE.jar;C:\Users\470842\.m2\repository\org\springframework\spring-beans\4.3.19.RELEASE\spring-beans-4.3.19.RELEASE.jar;C:\Users\470842\.m2\repository\org\springframework\spring-context\4.3.19.RELEASE\spring-context-4.3.19.RELEASE.jar;C:\Users\470842\.m2\repository\org\springframework\spring-core\4.3.19.RELEASE\spring-core-4.3.19.RELEASE.jar;C:\Users\470842\.m2\repository\commons-logging\commons-logging\1.2\commons-logging-1.2.jar;C:\Users\470842\.m2\repository\org\springframework\spring-expression\4.3.19.RELEASE\spring-expression-4.3.19.RELEASE.jar;C:\Users\470842\.m2\repository\org\springframework\spring-web\4.3.19.RELEASE\spring-web-4.3.19.RELEASE.jar;C:\Users\470842\.m2\repository\org\springframework\security\spring-security-web\4.1.0.RELEASE\spring-security-web-4.1.0.RELEASE.jar;C:\Users\470842\.m2\repository\aopalliance\aopalliance\1.0\aopalliance-1.0.jar;C:\Users\470842\.m2\repository\org\springframework\security\spring-security-config\4.1.0.RELEASE\spring-security-config-4.1.0.RELEASE.jar;C:\Users\470842\.m2\repository\org\springframework\spring-aop\4.3.19.RELEASE\spring-aop-4.3.19.RELEASE.jar;C:\Users\470842\.m2\repository\commons-fileupload\commons-fileupload\1.3.3\commons-fileupload-1.3.3.jar;C:\Users\470842\.m2\repository\commons-io\commons-io\2.4\commons-io-2.4.jar;C:\Users\470842\.m2\repository\com\fasterxml\jackson\core\jackson-databind\2.9.8\jackson-databind-2.9.8.jar;C:\Users\470842\.m2\repository\com\fasterxml\jackson\core\jackson-annotations\2.9.0\jackson-annotations-2.9.0.jar;C:\Users\470842\.m2\repository\com\fasterxml\jackson\core\jackson-core\2.9.8\jackson-core-2.9.8.jar;"/>
    <property name="sun.cpu.endian" value="little"/>
    <property name="user.home" value="C:\Users\470842"/>
    <property name="user.language" value="en"/>
    <property name="java.specification.vendor" value="Oracle Corporation"/>
    <property name="java.home" value="C:\Program Files\Java\jdk1.8.0_74\jre"/>
    <property name="basedir" value="C:\Users\470842\Downloads\rest-assured-master\rest-assured-master\examples\spring-mvc-webapp"/>
    <property name="file.separator" value="\"/>
    <property name="line.separator" value="&#10;"/>
    <property name="java.vm.specification.vendor" value="Oracle Corporation"/>
    <property name="java.specification.name" value="Java Platform API Specification"/>
    <property name="java.awt.graphicsenv" value="sun.awt.Win32GraphicsEnvironment"/>
    <property name="surefire.real.class.path" value="C:\Users\470842\AppData\Local\Temp\surefire5946771923675613069\surefirebooter2664008674020614320.jar"/>
    <property name="sun.boot.class.path" value="C:\Program Files\Java\jdk1.8.0_74\jre\lib\resources.jar;C:\Program Files\Java\jdk1.8.0_74\jre\lib\rt.jar;C:\Program Files\Java\jdk1.8.0_74\jre\lib\sunrsasign.jar;C:\Program Files\Java\jdk1.8.0_74\jre\lib\jsse.jar;C:\Program Files\Java\jdk1.8.0_74\jre\lib\jce.jar;C:\Program Files\Java\jdk1.8.0_74\jre\lib\charsets.jar;C:\Program Files\Java\jdk1.8.0_74\jre\lib\jfr.jar;C:\Program Files\Java\jdk1.8.0_74\jre\classes"/>
    <property name="user.script" value=""/>
    <property name="sun.management.compiler" value="HotSpot 64-Bit Tiered Compilers"/>
    <property name="java.runtime.version" value="1.8.0_74-b02"/>
    <property name="user.name" value="470842"/>
    <property name="path.separator" value=";"/>
    <property name="os.version" value="10.0"/>
    <property name="java.endorsed.dirs" value="C:\Program Files\Java\jdk1.8.0_74\jre\lib\endorsed"/>
    <property name="java.runtime.name" value="Java(TM) SE Runtime Environment"/>
    <property name="file.encoding" value="UTF-8"/>
    <property name="java.vm.name" value="Java HotSpot(TM) 64-Bit Server VM"/>
    <property name="localRepository" value="C:\Users\470842\.m2\repository"/>
    <property name="java.vendor.url.bug" value="http://bugreport.sun.com/bugreport/"/>
    <property name="java.io.tmpdir" value="C:\Users\470842\AppData\Local\Temp\"/>
    <property name="java.version" value="1.8.0_74"/>
    <property name="user.dir" value="C:\Users\470842\Downloads\rest-assured-master\rest-assured-master\examples\spring-mvc-webapp"/>
    <property name="os.arch" value="amd64"/>
    <property name="java.vm.specification.name" value="Java Virtual Machine Specification"/>
    <property name="java.awt.printerjob" value="sun.awt.windows.WPrinterJob"/>
    <property name="sun.os.patch.level" value=""/>
    <property name="java.library.path" value="C:\Program Files\Java\jdk1.8.0_74\jre\bin;C:\WINDOWS\Sun\Java\bin;C:\WINDOWS\system32;C:\WINDOWS;C:\WINDOWS\system32;C:\WINDOWS;C:\WINDOWS\System32\Wbem;C:\WINDOWS\System32\WindowsPowerShell\v1.0\;C:\Program Files (x86)\MySQL\MySQL Fabric 1.5.3 &amp; MySQL Utilities 1.5.3 1.5\;C:\Program Files (x86)\MySQL\MySQL Fabric 1.5.3 &amp; MySQL Utilities 1.5.3 1.5\Doctrine extensions for PHP\;C:\Program Files\Java\jdk1.8.0_74\bin;C:\Program Files\nodejs\;C:\apache-maven-3.5.0\bin;C:\apache-ant-1.9.4\bin;C:\ProgramData\Oracle\Java\javapath;C:\Users\470842\AppData\Local\Microsoft\WindowsApps;C:\Users\470842\AppData\Roaming\npm;."/>
    <property name="java.vm.info" value="mixed mode"/>
    <property name="java.vendor" value="Oracle Corporation"/>
    <property name="java.vm.version" value="25.74-b02"/>
    <property name="java.ext.dirs" value="C:\Program Files\Java\jdk1.8.0_74\jre\lib\ext;C:\WINDOWS\Sun\Java\lib\ext"/>
    <property name="sun.io.unicode.encoding" value="UnicodeLittle"/>
    <property name="java.class.version" value="52.0"/>
  </properties>
  <testcase name="file_uploading_works" classname="io.restassured.examples.springmvc.controller.NonMultiPartFileUploadITest" time="0.038"/>
</testsuite>